{
	"D:/Workspaces/ml/ml-tool/src/theme/index.ts": {
		"path": "D:/Workspaces/ml/ml-tool/src/theme/index.ts",
		"statementMap": {
			"0": {
				"start": {
					"line": 3,
					"column": 14
				},
				"end": {
					"line": 13,
					"column": null
				}
			}
		},
		"fnMap": {},
		"branchMap": {},
		"s": {
			"0": 5
		},
		"f": {},
		"b": {}
	},
	"D:/Workspaces/ml/ml-tool/src/utils/csvToJson.ts": {
		"path": "D:/Workspaces/ml/ml-tool/src/utils/csvToJson.ts",
		"statementMap": {
			"0": {
				"start": {
					"line": 7,
					"column": 14
				},
				"end": {
					"line": 7,
					"column": null
				}
			},
			"1": {
				"start": {
					"line": 9,
					"column": 14
				},
				"end": {
					"line": 9,
					"column": null
				}
			},
			"2": {
				"start": {
					"line": 11,
					"column": 16
				},
				"end": {
					"line": 11,
					"column": null
				}
			},
			"3": {
				"start": {
					"line": 13,
					"column": 14
				},
				"end": {
					"line": 13,
					"column": null
				}
			},
			"4": {
				"start": {
					"line": 15,
					"column": 16
				},
				"end": {
					"line": 15,
					"column": 18
				}
			},
			"5": {
				"start": {
					"line": 17,
					"column": 1
				},
				"end": {
					"line": 27,
					"column": null
				}
			},
			"6": {
				"start": {
					"line": 18,
					"column": 16
				},
				"end": {
					"line": 18,
					"column": null
				}
			},
			"7": {
				"start": {
					"line": 20,
					"column": 39
				},
				"end": {
					"line": 20,
					"column": null
				}
			},
			"8": {
				"start": {
					"line": 22,
					"column": 2
				},
				"end": {
					"line": 24,
					"column": null
				}
			},
			"9": {
				"start": {
					"line": 22,
					"column": 15
				},
				"end": {
					"line": 22,
					"column": 18
				}
			},
			"10": {
				"start": {
					"line": 23,
					"column": 3
				},
				"end": {
					"line": 23,
					"column": null
				}
			},
			"11": {
				"start": {
					"line": 26,
					"column": 2
				},
				"end": {
					"line": 26,
					"column": null
				}
			},
			"12": {
				"start": {
					"line": 29,
					"column": 1
				},
				"end": {
					"line": 29,
					"column": null
				}
			}
		},
		"fnMap": {
			"0": {
				"name": "csvToJson",
				"decl": {
					"start": {
						"line": 6,
						"column": 30
					},
					"end": {
						"line": 6,
						"column": 40
					}
				},
				"loc": {
					"start": {
						"line": 6,
						"column": 50
					},
					"end": {
						"line": 30,
						"column": null
					}
				}
			}
		},
		"branchMap": {
			"0": {
				"loc": {
					"start": {
						"line": 23,
						"column": 20
					},
					"end": {
						"line": 23,
						"column": 68
					}
				},
				"type": "binary-expr",
				"locations": [
					{
						"start": {
							"line": 23,
							"column": 20
						},
						"end": {
							"line": 23,
							"column": 40
						}
					},
					{
						"start": {
							"line": 23,
							"column": 40
						},
						"end": {
							"line": 23,
							"column": 60
						}
					},
					{
						"start": {
							"line": 23,
							"column": 60
						},
						"end": {
							"line": 23,
							"column": 68
						}
					}
				]
			}
		},
		"s": {
			"0": 0,
			"1": 0,
			"2": 0,
			"3": 0,
			"4": 0,
			"5": 0,
			"6": 0,
			"7": 0,
			"8": 0,
			"9": 0,
			"10": 0,
			"11": 0,
			"12": 0
		},
		"f": {
			"0": 0
		},
		"b": {
			"0": [0, 0, 0]
		}
	},
	"D:/Workspaces/ml/ml-tool/src/components/UploadFile/index.tsx": {
		"path": "D:/Workspaces/ml/ml-tool/src/components/UploadFile/index.tsx",
		"statementMap": {
			"0": {
				"start": {
					"line": 17,
					"column": 0
				},
				"end": {
					"line": 99,
					"column": null
				}
			}
		},
		"fnMap": {
			"0": {
				"name": "(anonymous_0)",
				"decl": {
					"start": {
						"line": 17,
						"column": 0
					},
					"end": {
						"line": 17,
						"column": null
					}
				},
				"loc": {
					"start": {
						"line": 17,
						"column": 0
					},
					"end": {
						"line": 99,
						"column": null
					}
				}
			}
		},
		"branchMap": {},
		"s": {
			"0": 3
		},
		"f": {
			"0": 4
		},
		"b": {}
	},
	"D:/Workspaces/ml/ml-tool/src/components/SplitDataUI/index.tsx": {
		"path": "D:/Workspaces/ml/ml-tool/src/components/SplitDataUI/index.tsx",
		"statementMap": {
			"0": {
				"start": {
					"line": 43,
					"column": 0
				},
				"end": {
					"line": 254,
					"column": null
				}
			}
		},
		"fnMap": {
			"0": {
				"name": "(anonymous_0)",
				"decl": {
					"start": {
						"line": 43,
						"column": 0
					},
					"end": {
						"line": 43,
						"column": null
					}
				},
				"loc": {
					"start": {
						"line": 43,
						"column": 0
					},
					"end": {
						"line": 254,
						"column": null
					}
				}
			}
		},
		"branchMap": {},
		"s": {
			"0": 3
		},
		"f": {
			"0": 8
		},
		"b": {}
	},
	"D:/Workspaces/ml/ml-tool/src/App.tsx": {
		"path": "D:/Workspaces/ml/ml-tool/src/App.tsx",
		"statementMap": {
			"0": {
				"start": {
					"line": 8,
					"column": 31
				},
				"end": {
					"line": 8,
					"column": null
				}
			},
			"1": {
				"start": {
					"line": 7,
					"column": 9
				},
				"end": {
					"line": 7,
					"column": null
				}
			}
		},
		"fnMap": {
			"0": {
				"name": "App",
				"decl": {
					"start": {
						"line": 7,
						"column": 9
					},
					"end": {
						"line": 7,
						"column": null
					}
				},
				"loc": {
					"start": {
						"line": 7,
						"column": 9
					},
					"end": {
						"line": 21,
						"column": null
					}
				}
			}
		},
		"branchMap": {
			"0": {
				"loc": {
					"start": {
						"line": 15,
						"column": 5
					},
					"end": {
						"line": 15,
						"column": null
					}
				},
				"type": "binary-expr",
				"locations": [
					{
						"start": {
							"line": 15,
							"column": 5
						},
						"end": {
							"line": 15,
							"column": null
						}
					}
				]
			}
		},
		"s": {
			"0": 1,
			"1": 2
		},
		"f": {
			"0": 1
		},
		"b": {
			"0": [1]
		}
	}
}
